[debug] [2023-08-11T14:54:30.262Z] ----------------------------------------------------------------------
[debug] [2023-08-11T14:54:30.263Z] Command:       /Users/arturlindstrom/.nvm/versions/node/v18.14.0/bin/node /Users/arturlindstrom/.nvm/versions/node/v18.14.0/bin/firebase init hosting
[debug] [2023-08-11T14:54:30.264Z] CLI Version:   12.4.7
[debug] [2023-08-11T14:54:30.264Z] Platform:      darwin
[debug] [2023-08-11T14:54:30.264Z] Node Version:  v18.14.0
[debug] [2023-08-11T14:54:30.265Z] Time:          Fri Aug 11 2023 16:54:30 GMT+0200 (Central European Summer Time)
[debug] [2023-08-11T14:54:30.265Z] ----------------------------------------------------------------------
[debug] 
[debug] [2023-08-11T14:54:30.267Z] > command requires scopes: ["email","openid","https://www.googleapis.com/auth/cloudplatformprojects.readonly","https://www.googleapis.com/auth/firebase","https://www.googleapis.com/auth/cloud-platform"]
[debug] [2023-08-11T14:54:30.268Z] > authorizing via signed-in user (artur.lindstrom@gmail.com)
[info] 
     ######## #### ########  ######## ########     ###     ######  ########
     ##        ##  ##     ## ##       ##     ##  ##   ##  ##       ##
     ######    ##  ########  ######   ########  #########  ######  ######
     ##        ##  ##    ##  ##       ##     ## ##     ##       ## ##
     ##       #### ##     ## ######## ########  ##     ##  ######  ########

You're about to initialize a Firebase project in this directory:

  /Users/arturlindstrom/skola/fireship/linkSite

[info] 
=== Project Setup
[info] 
[info] First, let's associate this project directory with a Firebase project.
[info] You can create multiple project aliases by running firebase use --add, 
[info] but for now we'll just set up a default project.
[info] 
[debug] [2023-08-11T14:54:47.562Z] >>> [apiv2][query] GET https://firebase.googleapis.com/v1beta1/projects pageSize=100
[debug] [2023-08-11T14:54:48.193Z] <<< [apiv2][status] GET https://firebase.googleapis.com/v1beta1/projects 200
[debug] [2023-08-11T14:54:48.193Z] <<< [apiv2][body] GET https://firebase.googleapis.com/v1beta1/projects [omitted]
[info] i  Using project linksite-972ae (linkSite) 
[info] 
=== Hosting Setup
